<?xml version="1.0" encoding="UTF-8"?>
<coverage generated="1624819493435" clover="3.2.0">
  <project timestamp="1624819493435" name="All files">
    <metrics statements="18" coveredstatements="14" conditionals="2" coveredconditionals="2" methods="12" coveredmethods="8" elements="32" coveredelements="24" complexity="0" loc="18" ncloc="18" packages="2" files="6" classes="6"/>
    <package name="components">
      <metrics statements="13" coveredstatements="9" conditionals="0" coveredconditionals="0" methods="9" coveredmethods="5"/>
      <file name="Modal.vue" path="/Users/thiagolira/Developer/projetos/useful-tools/src/components/Modal.vue">
        <metrics statements="2" coveredstatements="0" conditionals="0" coveredconditionals="0" methods="2" coveredmethods="0"/>
        <line num="24" count="0" type="stmt"/>
        <line num="27" count="0" type="stmt"/>
      </file>
      <file name="ModalDelete.vue" path="/Users/thiagolira/Developer/projetos/useful-tools/src/components/ModalDelete.vue">
        <metrics statements="7" coveredstatements="5" conditionals="0" coveredconditionals="0" methods="5" coveredmethods="3"/>
        <line num="27" count="1" type="stmt"/>
        <line num="41" count="1" type="stmt"/>
        <line num="47" count="0" type="stmt"/>
        <line num="50" count="1" type="stmt"/>
        <line num="55" count="1" type="stmt"/>
        <line num="56" count="1" type="stmt"/>
        <line num="59" count="0" type="stmt"/>
      </file>
      <file name="ToolsList.vue" path="/Users/thiagolira/Developer/projetos/useful-tools/src/components/ToolsList.vue">
        <metrics statements="2" coveredstatements="2" conditionals="0" coveredconditionals="0" methods="1" coveredmethods="1"/>
        <line num="10" count="1" type="stmt"/>
        <line num="25" count="1" type="stmt"/>
      </file>
      <file name="ToolsListItem.vue" path="/Users/thiagolira/Developer/projetos/useful-tools/src/components/ToolsListItem.vue">
        <metrics statements="2" coveredstatements="2" conditionals="0" coveredconditionals="0" methods="1" coveredmethods="1"/>
        <line num="33" count="2" type="stmt"/>
        <line num="45" count="2" type="stmt"/>
      </file>
    </package>
    <package name="models">
      <metrics statements="5" coveredstatements="5" conditionals="2" coveredconditionals="2" methods="3" coveredmethods="3"/>
      <file name="Tag.js" path="/Users/thiagolira/Developer/projetos/useful-tools/src/models/Tag.js">
        <metrics statements="1" coveredstatements="1" conditionals="0" coveredconditionals="0" methods="1" coveredmethods="1"/>
        <line num="3" count="2" type="stmt"/>
      </file>
      <file name="Tool.js" path="/Users/thiagolira/Developer/projetos/useful-tools/src/models/Tool.js">
        <metrics statements="4" coveredstatements="4" conditionals="2" coveredconditionals="2" methods="2" coveredmethods="2"/>
        <line num="7" count="3" type="stmt"/>
        <line num="9" count="3" type="cond" truecount="2" falsecount="0"/>
        <line num="10" count="1" type="stmt"/>
        <line num="13" count="2" type="stmt"/>
      </file>
    </package>
  </project>
</coverage>
