TN:
SF:/Users/thiagolira/Developer/projetos/useful-tools/src/components/Modal.vue
FN:23,(anonymous_1)
FN:26,(anonymous_2)
FNF:2
FNH:0
FNDA:0,(anonymous_1)
FNDA:0,(anonymous_2)
DA:24,0
DA:27,0
LF:2
LH:0
BRF:0
BRH:0
end_of_record
TN:
SF:/Users/thiagolira/Developer/projetos/useful-tools/src/components/ModalDelete.vue
FN:40,(anonymous_1)
FN:46,(anonymous_2)
FN:49,(anonymous_3)
FN:54,(anonymous_4)
FN:58,(anonymous_5)
FNF:5
FNH:3
FNDA:1,(anonymous_1)
FNDA:0,(anonymous_2)
FNDA:1,(anonymous_3)
FNDA:1,(anonymous_4)
FNDA:0,(anonymous_5)
DA:27,1
DA:41,1
DA:47,0
DA:50,1
DA:55,1
DA:56,1
DA:59,0
LF:7
LH:5
BRF:0
BRH:0
end_of_record
TN:
SF:/Users/thiagolira/Developer/projetos/useful-tools/src/components/ToolsList.vue
FN:24,(anonymous_1)
FNF:1
FNH:1
FNDA:1,(anonymous_1)
DA:10,1
DA:25,1
LF:2
LH:2
BRF:0
BRH:0
end_of_record
TN:
SF:/Users/thiagolira/Developer/projetos/useful-tools/src/components/ToolsListItem.vue
FN:44,(anonymous_1)
FNF:1
FNH:1
FNDA:2,(anonymous_1)
DA:33,2
DA:45,2
LF:2
LH:2
BRF:0
BRH:0
end_of_record
TN:
SF:/Users/thiagolira/Developer/projetos/useful-tools/src/models/Tag.js
FN:2,(anonymous_0)
FNF:1
FNH:1
FNDA:2,(anonymous_0)
DA:3,2
LF:1
LH:1
BRF:0
BRH:0
end_of_record
TN:
SF:/Users/thiagolira/Developer/projetos/useful-tools/src/models/Tool.js
FN:4,(anonymous_0)
FN:7,(anonymous_1)
FNF:2
FNH:2
FNDA:3,(anonymous_0)
FNDA:3,(anonymous_1)
DA:7,3
DA:9,3
DA:10,1
DA:13,2
LF:4
LH:4
BRDA:9,0,0,1
BRDA:9,0,1,2
BRF:2
BRH:2
end_of_record
